<?xml version="1.0" encoding="UTF-8"?>
<testsuite name="com.galvanize.LightSaberTest" tests="8" skipped="0" failures="0" errors="0" timestamp="2020-08-05T18:18:02" hostname="ERIK-PC" time="0.006">
  <properties/>
  <testcase name="useCharge()" classname="com.galvanize.LightSaberTest" time="0.001"/>
  <testcase name="recharge()" classname="com.galvanize.LightSaberTest" time="0.0"/>
  <testcase name="setCharge()" classname="com.galvanize.LightSaberTest" time="0.001"/>
  <testcase name="charged()" classname="com.galvanize.LightSaberTest" time="0.0"/>
  <testcase name="getSerial()" classname="com.galvanize.LightSaberTest" time="0.0"/>
  <testcase name="setColor()" classname="com.galvanize.LightSaberTest" time="0.0"/>
  <testcase name="getColor()" classname="com.galvanize.LightSaberTest" time="0.001"/>
  <testcase name="getMinutes()" classname="com.galvanize.LightSaberTest" time="0.0"/>
  <system-out><![CDATA[]]></system-out>
  <system-err><![CDATA[]]></system-err>
</testsuite>
