<?xml version="1.0" encoding="UTF-8"?>
<testsuite name="com.galvanize.EchoTest" tests="1" skipped="0" failures="0" errors="0" timestamp="2020-08-05T18:18:02" hostname="ERIK-PC" time="0.009">
  <properties/>
  <testcase name="testShoutReturnsUppercase()" classname="com.galvanize.EchoTest" time="0.009"/>
  <system-out><![CDATA[]]></system-out>
  <system-err><![CDATA[]]></system-err>
</testsuite>
