<?xml version="1.0" encoding="UTF-8"?>
<testsuite name="com.galvanize.LaptopTest" tests="3" skipped="0" failures="0" errors="0" timestamp="2020-08-05T18:18:02" hostname="ERIK-PC" time="0.003">
  <properties/>
  <testcase name="itIsOffByDefault()" classname="com.galvanize.LaptopTest" time="0.0"/>
  <testcase name="callingPowerTurnsItOn()" classname="com.galvanize.LaptopTest" time="0.001"/>
  <testcase name="callingPowerTurnsItOff()" classname="com.galvanize.LaptopTest" time="0.001"/>
  <system-out><![CDATA[]]></system-out>
  <system-err><![CDATA[]]></system-err>
</testsuite>
